<?xml version="1.0" encoding="UTF-8"?>
<!-- Generated by org.testng.reporters.JUnitReportReporter -->
<testsuite hostname="GS-5823" failures="0" tests="4" name="smtech.test.LoginPageTest" time="43.486" errors="0" timestamp="2023-04-29T11:26:52 IST" skipped="0">
  <testcase classname="smtech.test.LoginPageTest" name="LoginTest" time="12.850"/>
  <system-out/>
  <testcase classname="smtech.test.LoginPageTest" name="InvalidLoginValidationTest" time="10.246"/>
  <system-out/>
  <testcase classname="smtech.test.LoginPageTest" name="PasswordFieldErrorValidationTest" time="10.394"/>
  <system-out/>
  <testcase classname="smtech.test.LoginPageTest" name="EmailFieldErrorValidationTest" time="9.996"/>
  <system-out/>
</testsuite> <!-- smtech.test.LoginPageTest -->
