<?xml version="1.0" encoding="UTF-8"?>
<!-- Generated by org.testng.reporters.JUnitReportReporter -->
<testsuite hostname="GS-5823" failures="0" tests="4" name="smtech.test.LoginPageTest" time="28.643" errors="0" timestamp="2023-05-02T17:03:34 IST" skipped="0">
  <testcase classname="smtech.test.LoginPageTest" name="PasswordFieldErrorValidationTest" time="6.401"/>
  <system-out/>
  <testcase classname="smtech.test.LoginPageTest" name="EmailFieldErrorValidationTest" time="8.635"/>
  <system-out/>
  <testcase classname="smtech.test.LoginPageTest" name="InvalidLoginValidationTest" time="6.680"/>
  <system-out/>
  <testcase classname="smtech.test.LoginPageTest" name="LoginTest" time="6.927"/>
  <system-out/>
</testsuite> <!-- smtech.test.LoginPageTest -->
