<?xml version="1.0" encoding="UTF-8"?>
<!-- Generated by org.testng.reporters.JUnitReportReporter -->
<testsuite hostname="GS-5823" failures="0" tests="4" name="smtech.test.LoginPageTest" time="31.352" errors="0" timestamp="2023-05-02T11:57:43 IST" skipped="0">
  <testcase classname="smtech.test.LoginPageTest" name="PasswordFieldErrorValidationTest" time="6.654"/>
  <system-out/>
  <testcase classname="smtech.test.LoginPageTest" name="EmailFieldErrorValidationTest" time="6.453"/>
  <system-out/>
  <testcase classname="smtech.test.LoginPageTest" name="InvalidLoginValidationTest" time="10.989"/>
  <system-out/>
  <testcase classname="smtech.test.LoginPageTest" name="LoginTest" time="7.256"/>
  <system-out/>
</testsuite> <!-- smtech.test.LoginPageTest -->
