<?xml version="1.0" encoding="UTF-8"?>
<!-- Generated by org.testng.reporters.JUnitReportReporter -->
<testsuite hostname="GS-5823" failures="0" tests="4" name="smtech.test.LoginPageTest" time="36.596" errors="0" timestamp="2023-04-29T12:24:21 IST" skipped="0">
  <testcase classname="smtech.test.LoginPageTest" name="PasswordFieldErrorValidationTest" time="8.328"/>
  <system-out/>
  <testcase classname="smtech.test.LoginPageTest" name="EmailFieldErrorValidationTest" time="10.528"/>
  <system-out/>
  <testcase classname="smtech.test.LoginPageTest" name="InvalidLoginValidationTest" time="8.959"/>
  <system-out/>
  <testcase classname="smtech.test.LoginPageTest" name="LoginTest" time="8.781"/>
  <system-out/>
</testsuite> <!-- smtech.test.LoginPageTest -->
