<?xml version="1.0" encoding="UTF-8"?>
<!-- Generated by org.testng.reporters.JUnitReportReporter -->
<testsuite hostname="GS-5823" failures="0" tests="1" name="smtech.test.LoginPageTest" time="8.422" errors="0" timestamp="2023-05-03T12:46:04 IST" skipped="0">
  <testcase classname="smtech.test.LoginPageTest" name="InvalidLoginValidationTest" time="8.422"/>
  <system-out/>
</testsuite> <!-- smtech.test.LoginPageTest -->
